<?xml version="1.0" encoding="UTF-8"?>
<testsuite xmlns:xsi="http://www.w3.org/2001/XMLSchema-instance" xsi:noNamespaceSchemaLocation="https://maven.apache.org/surefire/maven-surefire-plugin/xsd/surefire-test-report-3.0.xsd" version="3.0" name="com.daw.ApplicationLauncherTests" time="24.867" tests="1" errors="0" skipped="0" failures="0">
  <properties>
[...]
</properties>
  <testcase name="contextLoads" classname="com.daw.ApplicationLauncherTests" time="2.933">
    <system-out><![CDATA[13:47:06.895 [main] INFO org.springframework.test.context.support.AnnotationConfigContextLoaderUtils -- Could not detect default configuration classes for test class [com.daw.ApplicationLauncherTests]: ApplicationLauncherTests does not declare any static, non-private, non-final, nested classes annotated with @Configuration.
13:47:07.255 [main] INFO org.springframework.boot.test.context.SpringBootTestContextBootstrapper -- Found @SpringBootConfiguration com.daw.ApplicationLauncher for test class com.daw.ApplicationLauncherTests

  .   ____          _            __ _ _
 /\\ / ___'_ __ _ _(_)_ __  __ _ \ \ \ \
( ( )\___ | '_ | '_| | '_ \/ _` | \ \ \ \
 \\/  ___)| |_)| | | | | || (_| |  ) ) ) )
  '  |____| .__|_| |_|_| |_\__, | / / / /
 =========|_|==============|___/=/_/_/_/
 :: Spring Boot ::                (v3.1.4)

2024-02-11T13:47:08.551+01:00  INFO 7276 --- [           main] com.daw.ApplicationLauncherTests         : Starting ApplicationLauncherTests using Java 17.0.8.1 with PID 7276 (started by Admin in C:\Users\Admin\OneDrive\Escritorio\formularioConjunto\AngularJS\AngularProyectoBack)
2024-02-11T13:47:08.556+01:00  INFO 7276 --- [           main] com.daw.ApplicationLauncherTests         : No active profile set, falling back to 1 default profile: "default"
2024-02-11T13:47:10.895+01:00  INFO 7276 --- [           main] .s.d.r.c.RepositoryConfigurationDelegate : Bootstrapping Spring Data JPA repositories in DEFAULT mode.
2024-02-11T13:47:11.155+01:00  INFO 7276 --- [           main] .s.d.r.c.RepositoryConfigurationDelegate : Finished Spring Data repository scanning in 229 ms. Found 1 JPA repository interfaces.
2024-02-11T13:47:13.748+01:00  INFO 7276 --- [           main] o.hibernate.jpa.internal.util.LogHelper  : HHH000204: Processing PersistenceUnitInfo [name: default]
2024-02-11T13:47:14.085+01:00  INFO 7276 --- [           main] org.hibernate.Version                    : HHH000412: Hibernate ORM core version 6.2.9.Final
2024-02-11T13:47:14.089+01:00  INFO 7276 --- [           main] org.hibernate.cfg.Environment            : HHH000406: Using bytecode reflection optimizer
2024-02-11T13:47:15.442+01:00  INFO 7276 --- [           main] o.h.b.i.BytecodeProviderInitiator        : HHH000021: Bytecode provider name : bytebuddy
2024-02-11T13:47:15.795+01:00  INFO 7276 --- [           main] o.s.o.j.p.SpringPersistenceUnitInfo      : No LoadTimeWeaver setup: ignoring JPA class transformer
2024-02-11T13:47:15.842+01:00  INFO 7276 --- [           main] com.zaxxer.hikari.HikariDataSource       : HikariPool-1 - Starting...
2024-02-11T13:47:16.395+01:00  INFO 7276 --- [           main] com.zaxxer.hikari.pool.HikariPool        : HikariPool-1 - Added connection com.mysql.cj.jdbc.ConnectionImpl@31f31b20
2024-02-11T13:47:16.400+01:00  INFO 7276 --- [           main] com.zaxxer.hikari.HikariDataSource       : HikariPool-1 - Start completed.
2024-02-11T13:47:16.493+01:00  WARN 7276 --- [           main] org.hibernate.orm.deprecation            : HHH90000026: MySQL57Dialect has been deprecated; use org.hibernate.dialect.MySQLDialect instead
2024-02-11T13:47:17.176+01:00  INFO 7276 --- [           main] o.h.b.i.BytecodeProviderInitiator        : HHH000021: Bytecode provider name : bytebuddy
2024-02-11T13:47:18.644+01:00  INFO 7276 --- [           main] o.h.e.t.j.p.i.JtaPlatformInitiator       : HHH000490: Using JtaPlatform implementation: [org.hibernate.engine.transaction.jta.platform.internal.NoJtaPlatform]
2024-02-11T13:47:18.758+01:00  INFO 7276 --- [           main] j.LocalContainerEntityManagerFactoryBean : Initialized JPA EntityManagerFactory for persistence unit 'default'
2024-02-11T13:47:19.774+01:00  INFO 7276 --- [           main] o.s.d.j.r.query.QueryEnhancerFactory     : Hibernate is in classpath; If applicable, HQL parser will be used.
2024-02-11T13:47:22.918+01:00  WARN 7276 --- [           main] JpaBaseConfiguration$JpaWebConfiguration : spring.jpa.open-in-view is enabled by default. Therefore, database queries may be performed during view rendering. Explicitly configure spring.jpa.open-in-view to disable this warning
2024-02-11T13:47:28.079+01:00  INFO 7276 --- [           main] com.daw.ApplicationLauncherTests         : Started ApplicationLauncherTests in 20.385 seconds (process running for 24.038)
]]></system-out>
  </testcase>
</testsuite>